<?xml version="1.0" encoding="UTF-8"?>
<!-- Generated by org.testng.reporters.JUnitReportReporter -->
<testsuite hostname="ShubhamPC" failures="0" tests="1" name="api.SampleApiTest" time="2.639" errors="0" timestamp="2025-06-22T08:45:29 IST" skipped="0">
  <testcase classname="api.SampleApiTest" name="getUserTest" time="2.639"/>
  <system-out/>
</testsuite> <!-- api.SampleApiTest -->
